<?xml version="1.0" encoding="UTF-8"?>
<!-- Generated by org.testng.reporters.JUnitReportReporter -->
<testsuite skipped="0" hostname="DESKTOP-U4382HU" name="testNGActivities.Activity4DemoOne" tests="2" failures="0" timestamp="07 Jul 2020 04:52:29 GMT" time="0.013" errors="0">
  <testcase name="firstTestCase" time="0.011" classname="testNGActivities.Activity4DemoOne"/>
  <testcase name="secondTestCase" time="0.002" classname="testNGActivities.Activity4DemoOne"/>
</testsuite> <!-- testNGActivities.Activity4DemoOne -->
