<?xml version="1.0" encoding="UTF-8"?>
<!-- Generated by org.testng.reporters.JUnitReportReporter -->
<testsuite skipped="0" hostname="DESKTOP-U4382HU" name="testNGActivities.Activity7" tests="1" failures="0" timestamp="09 Jul 2020 04:02:51 GMT" time="0.586" errors="0">
  <testcase name="loginTestCase" time="0.586" classname="testNGActivities.Activity7"/>
</testsuite> <!-- testNGActivities.Activity7 -->
