<?xml version="1.0" encoding="UTF-8"?>
<!-- Generated by org.testng.reporters.JUnitReportReporter -->
<testsuite skipped="0" hostname="DESKTOP-U4382HU" name="testNGActivities.Activity6" tests="1" failures="0" timestamp="07 Jul 2020 05:15:10 GMT" time="0.404" errors="0">
  <testcase name="loginTestCase" time="0.404" classname="testNGActivities.Activity6"/>
</testsuite> <!-- testNGActivities.Activity6 -->
