<?xml version="1.0" encoding="UTF-8"?>
<!-- Generated by org.testng.reporters.JUnitReportReporter -->
<testsuite skipped="0" hostname="DESKTOP-U4382HU" name="testNGActivities.Example6TestngParam" tests="1" failures="0" timestamp="07 Jul 2020 05:06:14 GMT" time="0.013" errors="0">
  <testcase name="test" time="0.013" classname="testNGActivities.Example6TestngParam"/>
</testsuite> <!-- testNGActivities.Example6TestngParam -->
