<?xml version="1.0" encoding="UTF-8"?>
<!-- Generated by org.testng.reporters.JUnitReportReporter -->
<testsuite skipped="0" hostname="DESKTOP-U4382HU" name="testNGActivities.Example3SeqnDPriority" tests="3" failures="0" timestamp="06 Jul 2020 05:24:04 GMT" time="0.016" errors="0">
  <testcase name="One" time="0.011" classname="testNGActivities.Example3SeqnDPriority"/>
  <testcase name="Two" time="0.003" classname="testNGActivities.Example3SeqnDPriority"/>
  <testcase name="Three" time="0.002" classname="testNGActivities.Example3SeqnDPriority"/>
</testsuite> <!-- testNGActivities.Example3SeqnDPriority -->
