<?xml version="1.0" encoding="UTF-8"?>
<!-- Generated by org.testng.reporters.JUnitReportReporter -->
<testsuite skipped="0" hostname="DESKTOP-U4382HU" name="testNGActivities.Example2DependantTests" tests="3" failures="0" timestamp="06 Jul 2020 05:21:31 GMT" time="0.024" errors="0">
  <testcase name="LogOut" time="0.006" classname="testNGActivities.Example2DependantTests"/>
  <testcase name="OpenBrowser" time="0.014" classname="testNGActivities.Example2DependantTests"/>
  <testcase name="SignIn" time="0.004" classname="testNGActivities.Example2DependantTests"/>
</testsuite> <!-- testNGActivities.Example2DependantTests -->
