<?xml version="1.0" encoding="UTF-8"?>
<!-- Generated by org.testng.reporters.JUnitReportReporter -->
<testsuite skipped="0" hostname="DESKTOP-U4382HU" name="testNGActivities.Activity5" tests="3" failures="0" timestamp="07 Jul 2020 05:00:34 GMT" time="0.132" errors="0">
  <testcase name="pageTitleTest" time="0.020" classname="testNGActivities.Activity5"/>
  <testcase name="HeaderTest2" time="0.033" classname="testNGActivities.Activity5"/>
  <testcase name="HeaderTest1" time="0.079" classname="testNGActivities.Activity5"/>
</testsuite> <!-- testNGActivities.Activity5 -->
