<?xml version="1.0" encoding="UTF-8"?>
<!-- Generated by org.testng.reporters.JUnitReportReporter -->
<testsuite skipped="0" hostname="DESKTOP-U4382HU" name="testNGActivities.Activity9" tests="3" failures="0" timestamp="09 Jul 2020 04:45:50 GMT" time="0.467" errors="0">
  <testcase name="simpleAlertTestCase" time="0.131" classname="testNGActivities.Activity9"/>
  <testcase name="confirmAlertTestCase" time="0.206" classname="testNGActivities.Activity9"/>
  <testcase name="promptAlertTestCase" time="0.130" classname="testNGActivities.Activity9"/>
</testsuite> <!-- testNGActivities.Activity9 -->
