<?xml version="1.0" encoding="UTF-8"?>
<!-- Generated by org.testng.reporters.JUnitReportReporter -->
<testsuite skipped="0" hostname="DESKTOP-U4382HU" name="testNGActivities.Activity4DemoTwo" tests="1" failures="0" timestamp="07 Jul 2020 04:52:29 GMT" time="0.004" errors="0">
  <testcase name="TestCase" time="0.004" classname="testNGActivities.Activity4DemoTwo"/>
</testsuite> <!-- testNGActivities.Activity4DemoTwo -->
