<?xml version="1.0" encoding="UTF-8"?>
<!-- Generated by org.testng.reporters.JUnitReportReporter -->
<testsuite skipped="0" hostname="DESKTOP-U4382HU" name="testNGActivities.Activity1" tests="1" failures="0" timestamp="06 Jul 2020 06:04:22 GMT" time="11.313" errors="0">
  <testcase name="exampleTestCase" time="11.313" classname="testNGActivities.Activity1"/>
</testsuite> <!-- testNGActivities.Activity1 -->
