<?xml version="1.0" encoding="UTF-8"?>
<!-- Generated by org.testng.reporters.JUnitReportReporter -->
<testsuite skipped="0" hostname="DESKTOP-U4382HU" name="testNGActivities.Example1" tests="2" failures="0" timestamp="06 Jul 2020 05:13:25 GMT" time="0.017" errors="0">
  <testcase name="Car1" time="0.014" classname="testNGActivities.Example1"/>
  <testcase name="Car2" time="0.003" classname="testNGActivities.Example1"/>
</testsuite> <!-- testNGActivities.Example1 -->
