<?xml version="1.0" encoding="UTF-8"?>
<!-- Generated by org.testng.reporters.JUnitReportReporter -->
<testsuite skipped="0" hostname="DESKTOP-U4382HU" name="testNGActivities.Activity3" tests="1" failures="0" timestamp="07 Jul 2020 04:30:59 GMT" time="0.442" errors="0">
  <testcase name="loginTest" time="0.442" classname="testNGActivities.Activity3"/>
</testsuite> <!-- testNGActivities.Activity3 -->
