<?xml version="1.0" encoding="UTF-8"?>
<!-- Generated by org.testng.reporters.JUnitReportReporter -->
<testsuite skipped="1" hostname="DESKTOP-U4382HU" name="testNGActivities.Example5SkippingTC" tests="3" failures="0" timestamp="06 Jul 2020 06:07:22 GMT" time="0.017" errors="0">
  <testcase name="One" time="0.015" classname="testNGActivities.Example5SkippingTC"/>
  <testcase name="Three" time="0.002" classname="testNGActivities.Example5SkippingTC"/>
  <testcase name="Two" classname="testNGActivities.Example5SkippingTC">
    <skipped/>
  </testcase> <!-- Two -->
</testsuite> <!-- testNGActivities.Example5SkippingTC -->
