<?xml version="1.0" encoding="UTF-8"?>
<!-- Generated by org.testng.reporters.JUnitReportReporter -->
<testsuite skipped="2" hostname="DESKTOP-U4382HU" name="testNGActivities.Activity2" tests="4" failures="0" timestamp="07 Jul 2020 04:15:28 GMT" time="0.146" errors="0">
  <testcase name="testCase1" time="0.018" classname="testNGActivities.Activity2"/>
  <testcase name="testCase4" time="0.005" classname="testNGActivities.Activity2">
    <skipped/>
  </testcase> <!-- testCase4 -->
  <testcase name="testCase2" time="0.123" classname="testNGActivities.Activity2"/>
  <testcase name="testCase3" classname="testNGActivities.Activity2">
    <skipped/>
  </testcase> <!-- testCase3 -->
</testsuite> <!-- testNGActivities.Activity2 -->
